nohup: ignoring input
/home/bolt/projects/bb/tconnectsync-bb/tconnectsync/__init__.py:6: UserWarning: pkg_resources is deprecated as an API. See https://setuptools.pypa.io/en/latest/pkg_resources.html. The pkg_resources package is slated for removal as early as 2025-11-30. Refrain from using this package or pin to Setuptools<81.
  import pkg_resources
2025-10-13 18:19:13,641 - __main__ - INFO - Initialized TandemHistoricalSyncClient
2025-10-13 18:19:13,643 - __main__ - INFO - Output directory: bloodBath/bloodBank/raw
2025-10-13 18:19:13,643 - __main__ - INFO - Chunk size: 30 days
2025-10-13 18:19:13,643 - __main__ - INFO - Starting sync for 1 pump(s)
2025-10-13 18:19:13,643 - __main__ - INFO - Starting sync for pump 901161470
2025-10-13 18:19:13,645 - __main__ - INFO - Generated 22 date chunks for pump 901161470
2025-10-13 18:19:13,645 - __main__ - INFO - Processing chunk 1/22: 2024-01-01 to 2024-01-31
2025-10-13 18:19:13,647 - __main__ - INFO - Connecting to Tandem API (US region)...
2025-10-13 18:19:13,647 - __main__ - INFO - API connection established
2025-10-13 18:19:13,647 - tconnectsync.api.tandemsource - INFO - Logging in to TandemSourceApi (US region)...
2025-10-13 18:19:13,648 - tconnectsync.api.tandemsource - INFO - Cached credentials have expired (2025-10-13T22:35:10+00:00), skipping
2025-10-13 18:19:14,874 - tconnectsync.api.tandemsource - INFO - Decoded JWT: {"iss": "https://tdcservices.tandemdiabetes.com/accounts/api", "nbf": 1760404755, "iat": 1760404755, "exp": 1760406555, "aud": "0oa27ho9tpZE9Arjy4h7", "amr": ["pwd"], "at_hash": "ycKJQcAwu5-NLT-rxnAm3Q", "sid": "820FF3B1EDA58440F05E638F5BB93A63", "sub": "user:5d15813d-2257-45c2-a1b9-2ceab10580c6", "auth_time": 1760404754, "idp": "local", "email": "sakul2003@gmail.com", "roles": ["role:personal_standard", "personal_standard"], "accountId": "5d15813d-2257-45c2-a1b9-2ceab10580c6", "userId": "2d4c7be1-72ef-49e3-a4ed-1fa9cfd14abe", "pumperId": "2d4c7be1-72ef-49e3-a4ed-1fa9cfd14abe", "countrySubdivision": "US", "preferredLanguage": "en-US", "family_name": "Shipley", "given_name": "Lukas", "preferred_username": "sakul2003@gmail.com", "name": "sakul2003@gmail.com", "email_verified": true}
2025-10-13 18:19:14,875 - tconnectsync.api.tandemsource - INFO - Saved cached credentials to /home/bolt/.config/tconnectsync/.creds_cache
2025-10-13 18:19:22,065 - __main__ - INFO - Fetching data for pump 901161470: 2024-01-01 to 2024-01-31
2025-10-13 18:19:23,622 - tconnectsync.api.tandemsource - INFO - Read 12454 bytes (est. 479.0 events)
2025-10-13 18:19:23,674 - __main__ - INFO - Successfully fetched 82 records for pump 901161470
2025-10-13 18:19:23,678 - __main__ - INFO - Saved 82 records to bloodBath/bloodBank/raw/data/lstm_ready/lstm_ready_901161470.csv
2025-10-13 18:19:24,181 - __main__ - INFO - Processing chunk 2/22: 2024-01-31 to 2024-03-01
2025-10-13 18:19:24,181 - __main__ - INFO - Fetching data for pump 901161470: 2024-01-31 to 2024-03-01
2025-10-13 18:19:25,886 - tconnectsync.api.tandemsource - INFO - Read 9854 bytes (est. 379.0 events)
2025-10-13 18:19:25,923 - __main__ - INFO - Successfully fetched 79 records for pump 901161470
2025-10-13 18:19:25,924 - __main__ - INFO - Saved 79 records to bloodBath/bloodBank/raw/data/lstm_ready/lstm_ready_901161470.csv
2025-10-13 18:19:26,426 - __main__ - INFO - Processing chunk 3/22: 2024-03-01 to 2024-03-31
2025-10-13 18:19:26,427 - __main__ - INFO - Fetching data for pump 901161470: 2024-03-01 to 2024-03-31
2025-10-13 18:19:27,977 - tconnectsync.api.tandemsource - INFO - Read 9854 bytes (est. 379.0 events)
2025-10-13 18:19:27,994 - __main__ - INFO - Successfully fetched 79 records for pump 901161470
2025-10-13 18:19:27,996 - __main__ - INFO - Saved 79 records to bloodBath/bloodBank/raw/data/lstm_ready/lstm_ready_901161470.csv
2025-10-13 18:19:28,498 - __main__ - INFO - Processing chunk 4/22: 2024-03-31 to 2024-04-30
2025-10-13 18:19:28,498 - __main__ - INFO - Fetching data for pump 901161470: 2024-03-31 to 2024-04-30
2025-10-13 18:19:30,037 - tconnectsync.api.tandemsource - INFO - Read 9854 bytes (est. 379.0 events)
2025-10-13 18:19:30,054 - __main__ - INFO - Successfully fetched 79 records for pump 901161470
2025-10-13 18:19:30,056 - __main__ - INFO - Saved 79 records to bloodBath/bloodBank/raw/data/lstm_ready/lstm_ready_901161470.csv
2025-10-13 18:19:30,557 - __main__ - INFO - Processing chunk 5/22: 2024-04-30 to 2024-05-30
2025-10-13 18:19:30,558 - __main__ - INFO - Fetching data for pump 901161470: 2024-04-30 to 2024-05-30
2025-10-13 18:19:32,078 - tconnectsync.api.tandemsource - INFO - Read 9854 bytes (est. 379.0 events)
2025-10-13 18:19:32,095 - __main__ - INFO - Successfully fetched 79 records for pump 901161470
2025-10-13 18:19:32,096 - __main__ - INFO - Saved 79 records to bloodBath/bloodBank/raw/data/lstm_ready/lstm_ready_901161470.csv
2025-10-13 18:19:32,598 - __main__ - INFO - Processing chunk 6/22: 2024-05-30 to 2024-06-29
2025-10-13 18:19:32,598 - __main__ - INFO - Fetching data for pump 901161470: 2024-05-30 to 2024-06-29
2025-10-13 18:19:34,782 - tconnectsync.api.tandemsource - INFO - Read 9854 bytes (est. 379.0 events)
2025-10-13 18:19:34,800 - __main__ - INFO - Successfully fetched 79 records for pump 901161470
2025-10-13 18:19:34,801 - __main__ - INFO - Saved 79 records to bloodBath/bloodBank/raw/data/lstm_ready/lstm_ready_901161470.csv
2025-10-13 18:19:35,303 - __main__ - INFO - Processing chunk 7/22: 2024-06-29 to 2024-07-29
2025-10-13 18:19:35,303 - __main__ - INFO - Fetching data for pump 901161470: 2024-06-29 to 2024-07-29
2025-10-13 18:19:36,873 - tconnectsync.api.tandemsource - INFO - Read 9854 bytes (est. 379.0 events)
2025-10-13 18:19:36,890 - __main__ - INFO - Successfully fetched 79 records for pump 901161470
2025-10-13 18:19:36,891 - __main__ - INFO - Saved 79 records to bloodBath/bloodBank/raw/data/lstm_ready/lstm_ready_901161470.csv
2025-10-13 18:19:37,393 - __main__ - INFO - Processing chunk 8/22: 2024-07-29 to 2024-08-28
2025-10-13 18:19:37,393 - __main__ - INFO - Fetching data for pump 901161470: 2024-07-29 to 2024-08-28
2025-10-13 18:19:39,027 - tconnectsync.api.tandemsource - INFO - Read 9854 bytes (est. 379.0 events)
2025-10-13 18:19:39,048 - __main__ - INFO - Successfully fetched 79 records for pump 901161470
2025-10-13 18:19:39,049 - __main__ - INFO - Saved 79 records to bloodBath/bloodBank/raw/data/lstm_ready/lstm_ready_901161470.csv
2025-10-13 18:19:39,551 - __main__ - INFO - Processing chunk 9/22: 2024-08-28 to 2024-09-27
2025-10-13 18:19:39,551 - __main__ - INFO - Fetching data for pump 901161470: 2024-08-28 to 2024-09-27
2025-10-13 18:19:41,285 - tconnectsync.api.tandemsource - INFO - Read 9854 bytes (est. 379.0 events)
2025-10-13 18:19:41,302 - __main__ - INFO - Successfully fetched 79 records for pump 901161470
2025-10-13 18:19:41,303 - __main__ - INFO - Saved 79 records to bloodBath/bloodBank/raw/data/lstm_ready/lstm_ready_901161470.csv
2025-10-13 18:19:41,805 - __main__ - INFO - Processing chunk 10/22: 2024-09-27 to 2024-10-27
2025-10-13 18:19:41,805 - __main__ - INFO - Fetching data for pump 901161470: 2024-09-27 to 2024-10-27
2025-10-13 18:19:50,050 - tconnectsync.api.tandemsource - INFO - Read 2103036 bytes (est. 80886.0 events)
2025-10-13 18:19:52,666 - __main__ - INFO - Successfully fetched 85 records for pump 901161470
2025-10-13 18:19:52,682 - __main__ - INFO - Saved 85 records to bloodBath/bloodBank/raw/data/lstm_ready/lstm_ready_901161470.csv
2025-10-13 18:19:53,183 - __main__ - INFO - Processing chunk 11/22: 2024-10-27 to 2024-11-26
2025-10-13 18:19:53,184 - __main__ - INFO - Fetching data for pump 901161470: 2024-10-27 to 2024-11-26
2025-10-13 18:20:04,553 - tconnectsync.api.tandemsource - INFO - Read 2954718 bytes (est. 113643.0 events)
2025-10-13 18:20:08,262 - __main__ - INFO - Successfully fetched 11 records for pump 901161470
2025-10-13 18:20:08,282 - __main__ - INFO - Saved 11 records to bloodBath/bloodBank/raw/data/lstm_ready/lstm_ready_901161470.csv
2025-10-13 18:20:08,783 - __main__ - INFO - Processing chunk 12/22: 2024-11-26 to 2024-12-26
2025-10-13 18:20:08,784 - __main__ - INFO - Fetching data for pump 901161470: 2024-11-26 to 2024-12-26
2025-10-13 18:20:18,491 - tconnectsync.api.tandemsource - INFO - Read 3086798 bytes (est. 118723.0 events)
2025-10-13 18:20:22,905 - __main__ - INFO - Successfully fetched 11 records for pump 901161470
2025-10-13 18:20:22,925 - __main__ - INFO - Saved 11 records to bloodBath/bloodBank/raw/data/lstm_ready/lstm_ready_901161470.csv
2025-10-13 18:20:23,427 - __main__ - INFO - Processing chunk 13/22: 2024-12-26 to 2025-01-25
2025-10-13 18:20:23,428 - __main__ - INFO - Fetching data for pump 901161470: 2024-12-26 to 2025-01-25
2025-10-13 18:20:35,739 - tconnectsync.api.tandemsource - INFO - Read 3082456 bytes (est. 118556.0 events)
2025-10-13 18:20:39,649 - __main__ - INFO - Successfully fetched 11 records for pump 901161470
2025-10-13 18:20:39,667 - __main__ - INFO - Saved 11 records to bloodBath/bloodBank/raw/data/lstm_ready/lstm_ready_901161470.csv
2025-10-13 18:20:40,169 - __main__ - INFO - Processing chunk 14/22: 2025-01-25 to 2025-02-24
2025-10-13 18:20:40,169 - __main__ - INFO - Fetching data for pump 901161470: 2025-01-25 to 2025-02-24
2025-10-13 18:20:49,995 - tconnectsync.api.tandemsource - INFO - Read 3198702 bytes (est. 123027.0 events)
2025-10-13 18:20:54,513 - __main__ - INFO - Successfully fetched 11 records for pump 901161470
2025-10-13 18:20:54,533 - __main__ - INFO - Saved 11 records to bloodBath/bloodBank/raw/data/lstm_ready/lstm_ready_901161470.csv
2025-10-13 18:20:55,035 - __main__ - INFO - Processing chunk 15/22: 2025-02-24 to 2025-03-26
2025-10-13 18:20:55,036 - __main__ - INFO - Fetching data for pump 901161470: 2025-02-24 to 2025-03-26
2025-10-13 18:21:05,133 - tconnectsync.api.tandemsource - INFO - Read 3184324 bytes (est. 122474.0 events)
2025-10-13 18:21:09,116 - __main__ - INFO - Successfully fetched 10 records for pump 901161470
2025-10-13 18:21:09,133 - __main__ - INFO - Saved 10 records to bloodBath/bloodBank/raw/data/lstm_ready/lstm_ready_901161470.csv
2025-10-13 18:21:09,634 - __main__ - INFO - Processing chunk 16/22: 2025-03-26 to 2025-04-25
2025-10-13 18:21:09,634 - __main__ - INFO - Fetching data for pump 901161470: 2025-03-26 to 2025-04-25
2025-10-13 18:21:20,396 - tconnectsync.api.tandemsource - INFO - Read 3183986 bytes (est. 122461.0 events)
2025-10-13 18:21:24,189 - __main__ - INFO - Successfully fetched 11 records for pump 901161470
2025-10-13 18:21:24,206 - __main__ - INFO - Saved 11 records to bloodBath/bloodBank/raw/data/lstm_ready/lstm_ready_901161470.csv
2025-10-13 18:21:24,707 - __main__ - INFO - Processing chunk 17/22: 2025-04-25 to 2025-05-25
2025-10-13 18:21:24,707 - __main__ - INFO - Fetching data for pump 901161470: 2025-04-25 to 2025-05-25
2025-10-13 18:21:35,447 - tconnectsync.api.tandemsource - INFO - Read 3121300 bytes (est. 120050.0 events)
2025-10-13 18:21:39,528 - __main__ - INFO - Successfully fetched 11 records for pump 901161470
2025-10-13 18:21:39,543 - __main__ - INFO - Saved 11 records to bloodBath/bloodBank/raw/data/lstm_ready/lstm_ready_901161470.csv
2025-10-13 18:21:40,044 - __main__ - INFO - Processing chunk 18/22: 2025-05-25 to 2025-06-24
2025-10-13 18:21:40,045 - __main__ - INFO - Fetching data for pump 901161470: 2025-05-25 to 2025-06-24
2025-10-13 18:21:50,562 - tconnectsync.api.tandemsource - INFO - Read 3075462 bytes (est. 118287.0 events)
2025-10-13 18:21:54,328 - __main__ - INFO - Successfully fetched 11 records for pump 901161470
2025-10-13 18:21:54,343 - __main__ - INFO - Saved 11 records to bloodBath/bloodBank/raw/data/lstm_ready/lstm_ready_901161470.csv
2025-10-13 18:21:54,845 - __main__ - INFO - Processing chunk 19/22: 2025-06-24 to 2025-07-24
2025-10-13 18:21:54,845 - __main__ - INFO - Fetching data for pump 901161470: 2025-06-24 to 2025-07-24
2025-10-13 18:22:06,635 - tconnectsync.api.tandemsource - INFO - Read 2973334 bytes (est. 114359.0 events)
2025-10-13 18:22:10,366 - __main__ - INFO - Successfully fetched 11 records for pump 901161470
2025-10-13 18:22:10,381 - __main__ - INFO - Saved 11 records to bloodBath/bloodBank/raw/data/lstm_ready/lstm_ready_901161470.csv
2025-10-13 18:22:10,882 - __main__ - INFO - Processing chunk 20/22: 2025-07-24 to 2025-08-23
2025-10-13 18:22:10,882 - __main__ - INFO - Fetching data for pump 901161470: 2025-07-24 to 2025-08-23
2025-10-13 18:22:22,116 - tconnectsync.api.tandemsource - INFO - Read 3099668 bytes (est. 119218.0 events)
2025-10-13 18:22:25,909 - __main__ - INFO - Successfully fetched 11 records for pump 901161470
2025-10-13 18:22:25,924 - __main__ - INFO - Saved 11 records to bloodBath/bloodBank/raw/data/lstm_ready/lstm_ready_901161470.csv
2025-10-13 18:22:26,425 - __main__ - INFO - Processing chunk 21/22: 2025-08-23 to 2025-09-22
2025-10-13 18:22:26,425 - __main__ - INFO - Fetching data for pump 901161470: 2025-08-23 to 2025-09-22
2025-10-13 18:22:38,162 - tconnectsync.api.tandemsource - INFO - Read 3084068 bytes (est. 118618.0 events)
2025-10-13 18:22:41,894 - __main__ - INFO - Successfully fetched 11 records for pump 901161470
2025-10-13 18:22:41,908 - __main__ - INFO - Saved 11 records to bloodBath/bloodBank/raw/data/lstm_ready/lstm_ready_901161470.csv
2025-10-13 18:22:42,409 - __main__ - INFO - Processing chunk 22/22: 2025-09-22 to 2025-10-12
2025-10-13 18:22:42,409 - __main__ - INFO - Fetching data for pump 901161470: 2025-09-22 to 2025-10-12
2025-10-13 18:22:49,715 - tconnectsync.api.tandemsource - INFO - Read 2140606 bytes (est. 82331.0 events)
2025-10-13 18:22:52,242 - __main__ - INFO - Successfully fetched 8 records for pump 901161470
2025-10-13 18:22:52,253 - __main__ - INFO - Saved 8 records to bloodBath/bloodBank/raw/data/lstm_ready/lstm_ready_901161470.csv
2025-10-13 18:22:52,754 - __main__ - INFO - Sync completed for pump 901161470
2025-10-13 18:22:52,754 - __main__ - INFO - Total records processed: 927
2025-10-13 18:22:52,754 - __main__ - INFO - Merging pump CSVs into combined format...
2025-10-13 18:22:52,760 - __main__ - INFO - Loaded 1088 records from bloodBath/bloodBank/raw/data/lstm_ready/lstm_ready_combined.csv
2025-10-13 18:22:52,763 - __main__ - INFO - Loaded 1077 records from bloodBath/bloodBank/raw/data/lstm_ready/lstm_ready_881235.csv
2025-10-13 18:22:52,765 - __main__ - INFO - Loaded 927 records from bloodBath/bloodBank/raw/data/lstm_ready/lstm_ready_901161470.csv
2025-10-13 18:22:52,792 - __main__ - INFO - Merged 3092 records from 3 pumps to bloodBath/bloodBank/raw/data/lstm_ready/lstm_ready_combined.csv
2025-10-13 18:22:52,810 - __main__ - INFO - Combined data summary:
                      timestamp                      ... basal_rate bolus_dose
                            min                 max  ...        std        sum
pump_serial                                          ...                      
881235      1970-01-05 17:55:00 1970-01-07 03:00:00  ...       2.89        0.0
901161470   1970-01-06 20:15:00 1970-01-07 11:55:00  ...       1.79        0.0
combined    1970-01-05 17:55:00 1970-01-07 03:00:00  ...       2.95        0.0

[3 rows x 8 columns]

Sync completed: 1/1 pumps successful
  Pump 901161470: ✅ SUCCESS
