2025-10-13 14:46:09,120 - incremental_resync - INFO - Initialized IncrementalResyncManager
2025-10-13 14:46:09,120 - incremental_resync - INFO - bloodBank root: /home/bolt/projects/bb/bloodBath/bloodBank
2025-10-13 14:46:09,120 - incremental_resync - INFO - Resume mode: True
2025-10-13 14:46:09,120 - incremental_resync - INFO - ================================================================================
2025-10-13 14:46:09,121 - incremental_resync - INFO - BLOODBANK INCREMENTAL RESYNC - ALL PUMPS
2025-10-13 14:46:09,121 - incremental_resync - INFO - ================================================================================
2025-10-13 14:46:09,121 - incremental_resync - INFO - Processing 1 pumps
2025-10-13 14:46:09,121 - incremental_resync - INFO - 
================================================================================
2025-10-13 14:46:09,121 - incremental_resync - INFO - PUMP 881235
2025-10-13 14:46:09,121 - incremental_resync - INFO - ================================================================================
2025-10-13 14:46:09,121 - incremental_resync - INFO - Starting full sync for pump 881235: 2024-01 to 2024-01
2025-10-13 14:46:09,125 - incremental_resync - INFO - Processing 1 months: 2024-01 to 2024-01
2025-10-13 14:46:09,125 - incremental_resync - INFO - Processing month 1/1: 2024-01
2025-10-13 14:46:09,125 - incremental_resync - INFO - Downloading data for pump 881235, month 2024-01
2025-10-13 14:46:53,114 - incremental_resync - ERROR - Failed to sync pump 881235, month 2024-01: Failed to download data from t:connect
2025-10-13 14:46:53,115 - incremental_resync - INFO - Completed pump 881235 sync:
2025-10-13 14:46:53,115 - incremental_resync - INFO -   Total months: 1
2025-10-13 14:46:53,115 - incremental_resync - INFO -   Completed: 0
2025-10-13 14:46:53,115 - incremental_resync - INFO -   Failed: 1
2025-10-13 14:46:53,115 - incremental_resync - INFO -   Total records: 0
2025-10-13 14:46:53,115 - incremental_resync - INFO -   Total sequences: 0
2025-10-13 14:46:53,115 - incremental_resync - INFO - 
================================================================================
2025-10-13 14:46:53,115 - incremental_resync - INFO - RESYNC COMPLETE - FINAL SUMMARY
2025-10-13 14:46:53,115 - incremental_resync - INFO - ================================================================================
2025-10-13 14:46:53,115 - incremental_resync - INFO - Total pumps: 1
2025-10-13 14:46:53,115 - incremental_resync - INFO - Total months: 1
2025-10-13 14:46:53,116 - incremental_resync - INFO - Completed months: 0
2025-10-13 14:46:53,116 - incremental_resync - INFO - Failed months: 1
2025-10-13 14:46:53,116 - incremental_resync - INFO - Success rate: 0.0%
2025-10-13 14:46:53,116 - incremental_resync - INFO - Total records downloaded: 0
2025-10-13 14:46:53,116 - incremental_resync - INFO - Total LSTM sequences: 0
2025-10-13 14:46:53,116 - incremental_resync - INFO - Summary saved to: /home/bolt/projects/bb/bloodBath/bloodBank/resync_summary_20251013_144653.json
2025-10-13 14:46:53,116 - incremental_resync - INFO - ================================================================================
2025-10-13 14:49:58,357 - incremental_resync - INFO - Initialized IncrementalResyncManager
2025-10-13 14:49:58,357 - incremental_resync - INFO - bloodBank root: /home/bolt/projects/bb/bloodBath/bloodBank
2025-10-13 14:49:58,357 - incremental_resync - INFO - Resume mode: False
2025-10-13 14:49:58,357 - incremental_resync - INFO - ================================================================================
2025-10-13 14:49:58,357 - incremental_resync - INFO - BLOODBANK INCREMENTAL RESYNC - ALL PUMPS
2025-10-13 14:49:58,357 - incremental_resync - INFO - ================================================================================
2025-10-13 14:49:58,357 - incremental_resync - INFO - Processing 1 pumps
2025-10-13 14:49:58,357 - incremental_resync - INFO - 
================================================================================
2025-10-13 14:49:58,358 - incremental_resync - INFO - PUMP 881235
2025-10-13 14:49:58,358 - incremental_resync - INFO - ================================================================================
2025-10-13 14:49:58,358 - incremental_resync - INFO - Starting full sync for pump 881235: 2024-01 to 2024-01
2025-10-13 14:49:58,359 - incremental_resync - INFO - Processing 1 months: 2024-01 to 2024-01
2025-10-13 14:49:58,360 - incremental_resync - INFO - Processing month 1/1: 2024-01
2025-10-13 14:49:58,360 - incremental_resync - INFO - Downloading data for pump 881235, month 2024-01
