bloodBank Sync Monitor Started: 2025-10-13T19:07:56.487990
================================================================================

[2025-10-13 19:07:56] 🔍 bloodBank Sync Monitor Started
[2025-10-13 19:07:56]    Monitoring: bloodBath/bloodBank/raw
[2025-10-13 19:07:56]    Interval: 15 seconds
[2025-10-13 19:07:56]    Log file: bloodbank_sync_monitor.log
[2025-10-13 19:07:56] 
[2025-10-13 19:07:56] 🆕 Pump 881235: 18 new file(s) detected
[2025-10-13 19:07:56]    📄 2021-01-31_to_2021-03-02.csv
[2025-10-13 19:07:56]       Records: 84,833
[2025-10-13 19:07:56]       Range: 2021-01-31_to_2021-03-02
[2025-10-13 19:07:56]       BG: mean=100.0, min=100.0, max=149.0
[2025-10-13 19:07:56]    📄 2021-03-02_to_2021-04-01.csv
[2025-10-13 19:07:56]       Records: 71,177
[2025-10-13 19:07:56]       Range: 2021-03-02_to_2021-04-01
[2025-10-13 19:07:56]       BG: mean=100.0, min=100.0, max=149.0
[2025-10-13 19:07:56]    📄 2021-04-01_to_2021-05-01.csv
[2025-10-13 19:07:56]       Records: 71,177
[2025-10-13 19:07:56]       Range: 2021-04-01_to_2021-05-01
[2025-10-13 19:07:56]       BG: mean=100.0, min=100.0, max=149.0
[2025-10-13 19:07:56]    📄 2021-05-01_to_2021-05-31.csv
[2025-10-13 19:07:56]       Records: 71,177
[2025-10-13 19:07:56]       Range: 2021-05-01_to_2021-05-31
[2025-10-13 19:07:56]       BG: mean=100.0, min=100.0, max=149.0
[2025-10-13 19:07:57]    📄 2021-05-31_to_2021-06-30.csv
[2025-10-13 19:07:57]       Records: 71,177
[2025-10-13 19:07:57]       Range: 2021-05-31_to_2021-06-30
[2025-10-13 19:07:57]       BG: mean=100.0, min=100.0, max=149.0
[2025-10-13 19:07:57]    📄 2021-06-30_to_2021-07-30.csv
[2025-10-13 19:07:57]       Records: 71,177
[2025-10-13 19:07:57]       Range: 2021-06-30_to_2021-07-30
[2025-10-13 19:07:57]       BG: mean=100.0, min=100.0, max=149.0
[2025-10-13 19:07:57]    📄 2021-07-30_to_2021-08-29.csv
[2025-10-13 19:07:57]       Records: 71,177
[2025-10-13 19:07:57]       Range: 2021-07-30_to_2021-08-29
[2025-10-13 19:07:57]       BG: mean=100.0, min=100.0, max=149.0
[2025-10-13 19:07:57]    📄 2021-08-29_to_2021-09-28.csv
[2025-10-13 19:07:57]       Records: 71,177
[2025-10-13 19:07:57]       Range: 2021-08-29_to_2021-09-28
[2025-10-13 19:07:57]       BG: mean=100.0, min=100.0, max=149.0
[2025-10-13 19:07:57]    📄 2021-09-28_to_2021-10-28.csv
[2025-10-13 19:07:57]       Records: 73,025
[2025-10-13 19:07:57]       Range: 2021-09-28_to_2021-10-28
[2025-10-13 19:07:57]       BG: mean=101.0, min=51.0, max=336.0
[2025-10-13 19:07:57]    📄 2021-10-28_to_2021-11-27.csv
[2025-10-13 19:07:57]       Records: 8,947
[2025-10-13 19:07:57]       Range: 2021-10-28_to_2021-11-27
[2025-10-13 19:07:57]       BG: mean=150.4, min=40.0, max=355.0
[2025-10-13 19:07:57]    📄 2021-11-27_to_2021-12-27.csv
[2025-10-13 19:07:57]       Records: 8,938
[2025-10-13 19:07:57]       Range: 2021-11-27_to_2021-12-27
[2025-10-13 19:07:57]       BG: mean=149.1, min=42.0, max=335.0
[2025-10-13 19:07:57]    📄 2021-12-27_to_2022-01-26.csv
[2025-10-13 19:07:57]       Records: 8,937
[2025-10-13 19:07:57]       Range: 2021-12-27_to_2022-01-26
[2025-10-13 19:07:57]       BG: mean=143.8, min=42.0, max=361.0
[2025-10-13 19:07:57]    📄 2022-01-26_to_2022-02-25.csv
[2025-10-13 19:07:57]       Records: 8,946
[2025-10-13 19:07:57]       Range: 2022-01-26_to_2022-02-25
[2025-10-13 19:07:57]       BG: mean=150.6, min=40.0, max=396.0
[2025-10-13 19:07:57]    📄 2022-02-25_to_2022-03-27.csv
[2025-10-13 19:07:57]       Records: 8,929
[2025-10-13 19:07:57]       Range: 2022-02-25_to_2022-03-27
[2025-10-13 19:07:57]       BG: mean=152.6, min=42.0, max=353.0
[2025-10-13 19:07:57]    📄 2022-03-27_to_2022-04-26.csv
[2025-10-13 19:07:57]       Records: 8,940
[2025-10-13 19:07:57]       Range: 2022-03-27_to_2022-04-26
[2025-10-13 19:07:57]       BG: mean=141.4, min=41.0, max=326.0
[2025-10-13 19:07:57]    📄 2022-04-26_to_2022-05-26.csv
[2025-10-13 19:07:57]       Records: 8,939
[2025-10-13 19:07:57]       Range: 2022-04-26_to_2022-05-26
[2025-10-13 19:07:57]       BG: mean=144.5, min=40.0, max=288.0
[2025-10-13 19:07:57]    📄 2022-05-26_to_2022-06-25.csv
[2025-10-13 19:07:57]       Records: 8,949
[2025-10-13 19:07:57]       Range: 2022-05-26_to_2022-06-25
[2025-10-13 19:07:57]       BG: mean=143.2, min=42.0, max=323.0
[2025-10-13 19:07:57]    📄 2024-01-01_to_2024-01-31.csv
[2025-10-13 19:07:57]       Records: 8,935
[2025-10-13 19:07:57]       Range: 2024-01-01_to_2024-01-31
[2025-10-13 19:07:57]       BG: mean=135.8, min=40.0, max=328.0
[2025-10-13 19:07:58] 
================================================================================
Pump 881235 Statistics
================================================================================
Files Generated:  18
Total Records:    736,557
BG Values Clipped: 0
Date Range:       2021-01-01 08:00:00+00:00 → 2024-02-01 08:25:00+00:00
Duration:         1126 days
================================================================================

[2025-10-13 19:07:58] 🆕 Pump 901161470: 22 new file(s) detected
[2025-10-13 19:07:59]    📄 2024-01-01_to_2024-01-31.csv
[2025-10-13 19:07:59]       Records: 80,554
[2025-10-13 19:07:59]       Range: 2024-01-01_to_2024-01-31
[2025-10-13 19:07:59]       BG: mean=100.0, min=100.0, max=100.0
[2025-10-13 19:07:59]    📄 2024-01-31_to_2024-03-01.csv
[2025-10-13 19:07:59]       Records: 76,913
[2025-10-13 19:07:59]       Range: 2024-01-31_to_2024-03-01
[2025-10-13 19:07:59]       BG: mean=100.0, min=100.0, max=100.0
[2025-10-13 19:07:59]    📄 2024-03-01_to_2024-03-31.csv
[2025-10-13 19:07:59]       Records: 76,913
[2025-10-13 19:07:59]       Range: 2024-03-01_to_2024-03-31
[2025-10-13 19:07:59]       BG: mean=100.0, min=100.0, max=100.0
[2025-10-13 19:07:59]    📄 2024-03-31_to_2024-04-30.csv
[2025-10-13 19:07:59]       Records: 76,913
[2025-10-13 19:07:59]       Range: 2024-03-31_to_2024-04-30
[2025-10-13 19:07:59]       BG: mean=100.0, min=100.0, max=100.0
[2025-10-13 19:07:59]    📄 2024-04-30_to_2024-05-30.csv
[2025-10-13 19:07:59]       Records: 76,913
[2025-10-13 19:07:59]       Range: 2024-04-30_to_2024-05-30
[2025-10-13 19:07:59]       BG: mean=100.0, min=100.0, max=100.0
[2025-10-13 19:07:59]    📄 2024-05-30_to_2024-06-29.csv
[2025-10-13 19:07:59]       Records: 76,913
[2025-10-13 19:07:59]       Range: 2024-05-30_to_2024-06-29
[2025-10-13 19:07:59]       BG: mean=100.0, min=100.0, max=100.0
[2025-10-13 19:07:59]    📄 2024-06-29_to_2024-07-29.csv
[2025-10-13 19:07:59]       Records: 76,913
[2025-10-13 19:07:59]       Range: 2024-06-29_to_2024-07-29
[2025-10-13 19:07:59]       BG: mean=100.0, min=100.0, max=100.0
[2025-10-13 19:07:59]    📄 2024-07-29_to_2024-08-28.csv
[2025-10-13 19:07:59]       Records: 76,913
[2025-10-13 19:07:59]       Range: 2024-07-29_to_2024-08-28
[2025-10-13 19:07:59]       BG: mean=100.0, min=100.0, max=100.0
[2025-10-13 19:08:00]    📄 2024-08-28_to_2024-09-27.csv
[2025-10-13 19:08:00]       Records: 76,913
[2025-10-13 19:08:00]       Range: 2024-08-28_to_2024-09-27
[2025-10-13 19:08:00]       BG: mean=100.0, min=100.0, max=100.0
[2025-10-13 19:08:00]    📄 2024-09-27_to_2024-10-27.csv
[2025-10-13 19:08:00]       Records: 83,043
[2025-10-13 19:08:00]       Range: 2024-09-27_to_2024-10-27
[2025-10-13 19:08:00]       BG: mean=102.6, min=32.0, max=309.0
[2025-10-13 19:08:00]    📄 2024-10-27_to_2024-11-26.csv
[2025-10-13 19:08:00]       Records: 8,957
[2025-10-13 19:08:00]       Range: 2024-10-27_to_2024-11-26
[2025-10-13 19:08:00]       BG: mean=139.0, min=21.0, max=334.0
[2025-10-13 19:08:00]    📄 2024-11-26_to_2024-12-26.csv
[2025-10-13 19:08:00]       Records: 8,945
[2025-10-13 19:08:00]       Range: 2024-11-26_to_2024-12-26
[2025-10-13 19:08:00]       BG: mean=143.6, min=29.0, max=279.0
[2025-10-13 19:08:00]    📄 2024-12-26_to_2025-01-25.csv
[2025-10-13 19:08:00]       Records: 8,953
[2025-10-13 19:08:00]       Range: 2024-12-26_to_2025-01-25
[2025-10-13 19:08:00]       BG: mean=138.1, min=47.0, max=279.0
[2025-10-13 19:08:00]    📄 2025-01-25_to_2025-02-24.csv
[2025-10-13 19:08:00]       Records: 8,932
[2025-10-13 19:08:00]       Range: 2025-01-25_to_2025-02-24
[2025-10-13 19:08:00]       BG: mean=135.0, min=34.0, max=319.0
[2025-10-13 19:08:00]    📄 2025-02-24_to_2025-03-26.csv
[2025-10-13 19:08:00]       Records: 8,935
[2025-10-13 19:08:00]       Range: 2025-02-24_to_2025-03-26
[2025-10-13 19:08:00]       BG: mean=138.4, min=23.0, max=339.0
[2025-10-13 19:08:00]    📄 2025-03-26_to_2025-04-25.csv
[2025-10-13 19:08:00]       Records: 8,942
[2025-10-13 19:08:00]       Range: 2025-03-26_to_2025-04-25
[2025-10-13 19:08:00]       BG: mean=146.3, min=29.0, max=351.0
[2025-10-13 19:08:00]    📄 2025-04-25_to_2025-05-25.csv
[2025-10-13 19:08:00]       Records: 8,947
[2025-10-13 19:08:00]       Range: 2025-04-25_to_2025-05-25
[2025-10-13 19:08:00]       BG: mean=145.7, min=32.0, max=330.0
[2025-10-13 19:08:00]    📄 2025-05-25_to_2025-06-24.csv
[2025-10-13 19:08:00]       Records: 8,930
[2025-10-13 19:08:00]       Range: 2025-05-25_to_2025-06-24
[2025-10-13 19:08:00]       BG: mean=141.7, min=26.0, max=408.0
[2025-10-13 19:08:00]    📄 2025-06-24_to_2025-07-24.csv
[2025-10-13 19:08:00]       Records: 8,939
[2025-10-13 19:08:00]       Range: 2025-06-24_to_2025-07-24
[2025-10-13 19:08:00]       BG: mean=144.6, min=36.0, max=393.0
[2025-10-13 19:08:00]    📄 2025-07-24_to_2025-08-23.csv
[2025-10-13 19:08:00]       Records: 8,932
[2025-10-13 19:08:00]       Range: 2025-07-24_to_2025-08-23
[2025-10-13 19:08:00]       BG: mean=144.5, min=34.0, max=432.0
[2025-10-13 19:08:00]    📄 2025-08-23_to_2025-09-22.csv
[2025-10-13 19:08:00]       Records: 8,938
[2025-10-13 19:08:00]       Range: 2025-08-23_to_2025-09-22
[2025-10-13 19:08:00]       BG: mean=143.3, min=10.0, max=335.0
[2025-10-13 19:08:00]    📄 2025-09-22_to_2025-10-12.csv
[2025-10-13 19:08:00]       Records: 6,061
[2025-10-13 19:08:00]       Range: 2025-09-22_to_2025-10-12
[2025-10-13 19:08:00]       BG: mean=140.7, min=22.0, max=318.0
[2025-10-13 19:08:01] 
================================================================================
Pump 901161470 Statistics
================================================================================
Files Generated:  22
Total Records:    883,312
BG Values Clipped: 0
Date Range:       2024-01-01 08:00:00+00:00 → 2025-10-13 07:15:00+00:00
Duration:         650 days
================================================================================

[2025-10-13 19:08:17] 🆕 Pump 881235: 1 new file(s) detected
[2025-10-13 19:08:17]    📄 2022-06-25_to_2022-07-25.csv
[2025-10-13 19:08:17]       Records: 8,944
[2025-10-13 19:08:17]       Range: 2022-06-25_to_2022-07-25
[2025-10-13 19:08:17]       BG: mean=135.8, min=45.0, max=329.0
[2025-10-13 19:08:17] 
================================================================================
Pump 881235 Statistics
================================================================================
Files Generated:  19
Total Records:    745,501
BG Values Clipped: 0
Date Range:       2021-01-01 08:00:00+00:00 → 2024-02-01 08:25:00+00:00
Duration:         1126 days
================================================================================

[2025-10-13 19:08:19] 

🛑 Monitor stopped by user
[2025-10-13 19:08:19] 
Final Statistics:
[2025-10-13 19:08:19] 
================================================================================
Pump 881235 Statistics
================================================================================
Files Generated:  19
Total Records:    745,501
BG Values Clipped: 0
Date Range:       2021-01-01 08:00:00+00:00 → 2024-02-01 08:25:00+00:00
Duration:         1126 days
================================================================================

[2025-10-13 19:08:19] 
================================================================================
Pump 901161470 Statistics
================================================================================
Files Generated:  22
Total Records:    883,312
BG Values Clipped: 0
Date Range:       2024-01-01 08:00:00+00:00 → 2025-10-13 07:15:00+00:00
Duration:         650 days
================================================================================

