/home/bolt/projects/bb/tconnectsync-bb/tconnectsync/__init__.py:6: UserWarning: pkg_resources is deprecated as an API. See https://setuptools.pypa.io/en/latest/pkg_resources.html. The pkg_resources package is slated for removal as early as 2025-11-30. Refrain from using this package or pin to Setuptools<81.
  import pkg_resources
2025-10-13 20:30:04,168 - __main__ - INFO - Initialized TandemHistoricalSyncClient
2025-10-13 20:30:04,169 - __main__ - INFO - Output directory: bloodBath/bloodBank/raw
2025-10-13 20:30:04,169 - __main__ - INFO - Chunk size: 30 days
2025-10-13 20:30:04,169 - __main__ - INFO - Starting sync for 1 pump(s)
2025-10-13 20:30:04,169 - __main__ - INFO - Starting sync for pump 881235
2025-10-13 20:30:04,171 - __main__ - INFO - Generated 49 date chunks for pump 881235
2025-10-13 20:30:04,172 - __main__ - INFO - Processing chunk 1/49: 2021-01-01 to 2021-01-31
2025-10-13 20:30:04,172 - __main__ - INFO - Connecting to Tandem API (US region)...
2025-10-13 20:30:04,172 - __main__ - INFO - API connection established
2025-10-13 20:30:04,172 - tconnectsync.api.tandemsource - INFO - Logging in to TandemSourceApi (US region)...
2025-10-13 20:30:04,172 - tconnectsync.api.tandemsource - INFO - Loaded cached credentials from /home/bolt/.config/tconnectsync/.creds_cache: saved at 2025-10-14T03:02:57.387576+00:00 (27 min 6 sec ago), access token expiry 2025-10-14T03:32:57+00:00 (in 2 min 52 sec)
2025-10-13 20:30:04,172 - tconnectsync.api.tandemsource - INFO - Successfully used cached credentials
2025-10-13 20:30:06,203 - __main__ - INFO - Fetching data for pump 881235: 2021-01-01 to 2021-01-31
2025-10-13 20:30:07,205 - tconnectsync.api.tandemsource - INFO - Logging in to TandemSourceApi (US region)...
2025-10-13 20:30:07,206 - tconnectsync.api.tandemsource - INFO - Loaded cached credentials from /home/bolt/.config/tconnectsync/.creds_cache: saved at 2025-10-14T03:02:57.387576+00:00 (27 min 9 sec ago), access token expiry 2025-10-14T03:32:57+00:00 (in 2 min 49 sec)
2025-10-13 20:30:07,206 - tconnectsync.api.tandemsource - INFO - Successfully used cached credentials
2025-10-13 20:30:07,892 - tconnectsync.api.tandemsource - INFO - Logging in to TandemSourceApi (US region)...
2025-10-13 20:30:07,893 - tconnectsync.api.tandemsource - INFO - Loaded cached credentials from /home/bolt/.config/tconnectsync/.creds_cache: saved at 2025-10-14T03:02:57.387576+00:00 (27 min 10 sec ago), access token expiry 2025-10-14T03:32:57+00:00 (in 2 min 49 sec)
2025-10-13 20:30:07,893 - tconnectsync.api.tandemsource - INFO - Successfully used cached credentials
2025-10-13 20:30:08,329 - tconnectsync.api.tandemsource - INFO - Read 2730 bytes (est. 105.0 events)
2025-10-13 20:30:08,333 - __main__ - INFO - Successfully fetched 0 records for pump 881235
2025-10-13 20:30:08,834 - __main__ - INFO - Processing chunk 2/49: 2021-01-31 to 2021-03-02
2025-10-13 20:30:08,834 - __main__ - INFO - Fetching data for pump 881235: 2021-01-31 to 2021-03-02
2025-10-13 20:30:09,835 - tconnectsync.api.tandemsource - INFO - Logging in to TandemSourceApi (US region)...
2025-10-13 20:30:09,836 - tconnectsync.api.tandemsource - INFO - Loaded cached credentials from /home/bolt/.config/tconnectsync/.creds_cache: saved at 2025-10-14T03:02:57.387576+00:00 (27 min 12 sec ago), access token expiry 2025-10-14T03:32:57+00:00 (in 2 min 47 sec)
2025-10-13 20:30:09,836 - tconnectsync.api.tandemsource - INFO - Successfully used cached credentials
2025-10-13 20:30:10,565 - tconnectsync.api.tandemsource - INFO - Logging in to TandemSourceApi (US region)...
2025-10-13 20:30:10,566 - tconnectsync.api.tandemsource - INFO - Loaded cached credentials from /home/bolt/.config/tconnectsync/.creds_cache: saved at 2025-10-14T03:02:57.387576+00:00 (27 min 13 sec ago), access token expiry 2025-10-14T03:32:57+00:00 (in 2 min 46 sec)
2025-10-13 20:30:10,566 - tconnectsync.api.tandemsource - INFO - Successfully used cached credentials
2025-10-13 20:30:11,041 - tconnectsync.api.tandemsource - INFO - Read 10738 bytes (est. 413.0 events)
2025-10-13 20:30:11,132 - __main__ - INFO - Successfully fetched 84833 records for pump 881235
2025-10-13 20:30:11,970 - __main__ - INFO - ✅ Saved 84833 records to bloodBath/bloodBank/raw/pump_881235/2021-01-31_to_2021-03-02.csv with v2.0 header
2025-10-13 20:30:13,283 - __main__ - INFO - Processing chunk 3/49: 2021-03-02 to 2021-04-01
2025-10-13 20:30:13,283 - __main__ - INFO - Fetching data for pump 881235: 2021-03-02 to 2021-04-01
2025-10-13 20:30:14,284 - tconnectsync.api.tandemsource - INFO - Logging in to TandemSourceApi (US region)...
2025-10-13 20:30:14,284 - tconnectsync.api.tandemsource - INFO - Loaded cached credentials from /home/bolt/.config/tconnectsync/.creds_cache: saved at 2025-10-14T03:02:57.387576+00:00 (27 min 16 sec ago), access token expiry 2025-10-14T03:32:57+00:00 (in 2 min 42 sec)
2025-10-13 20:30:14,285 - tconnectsync.api.tandemsource - INFO - Successfully used cached credentials
2025-10-13 20:30:15,255 - tconnectsync.api.tandemsource - INFO - Logging in to TandemSourceApi (US region)...
2025-10-13 20:30:15,255 - tconnectsync.api.tandemsource - INFO - Loaded cached credentials from /home/bolt/.config/tconnectsync/.creds_cache: saved at 2025-10-14T03:02:57.387576+00:00 (27 min 17 sec ago), access token expiry 2025-10-14T03:32:57+00:00 (in 2 min 41 sec)
2025-10-13 20:30:15,255 - tconnectsync.api.tandemsource - INFO - Successfully used cached credentials
2025-10-13 20:30:15,716 - tconnectsync.api.tandemsource - INFO - Read 8008 bytes (est. 308.0 events)
2025-10-13 20:30:15,766 - __main__ - INFO - Successfully fetched 71177 records for pump 881235
2025-10-13 20:30:16,446 - __main__ - INFO - ✅ Saved 71177 records to bloodBath/bloodBank/raw/pump_881235/2021-03-02_to_2021-04-01.csv with v2.0 header
2025-10-13 20:30:17,630 - __main__ - INFO - Processing chunk 4/49: 2021-04-01 to 2021-05-01
2025-10-13 20:30:17,630 - __main__ - INFO - Fetching data for pump 881235: 2021-04-01 to 2021-05-01
2025-10-13 20:30:18,631 - tconnectsync.api.tandemsource - INFO - Logging in to TandemSourceApi (US region)...
2025-10-13 20:30:18,632 - tconnectsync.api.tandemsource - INFO - Loaded cached credentials from /home/bolt/.config/tconnectsync/.creds_cache: saved at 2025-10-14T03:02:57.387576+00:00 (27 min 21 sec ago), access token expiry 2025-10-14T03:32:57+00:00 (in 2 min 38 sec)
2025-10-13 20:30:18,632 - tconnectsync.api.tandemsource - INFO - Successfully used cached credentials
2025-10-13 20:30:19,108 - tconnectsync.api.tandemsource - INFO - Logging in to TandemSourceApi (US region)...
2025-10-13 20:30:19,108 - tconnectsync.api.tandemsource - INFO - Loaded cached credentials from /home/bolt/.config/tconnectsync/.creds_cache: saved at 2025-10-14T03:02:57.387576+00:00 (27 min 21 sec ago), access token expiry 2025-10-14T03:32:57+00:00 (in 2 min 37 sec)
2025-10-13 20:30:19,109 - tconnectsync.api.tandemsource - INFO - Successfully used cached credentials
2025-10-13 20:30:19,608 - tconnectsync.api.tandemsource - INFO - Read 8008 bytes (est. 308.0 events)
2025-10-13 20:30:19,655 - __main__ - INFO - Successfully fetched 71177 records for pump 881235
2025-10-13 20:30:20,371 - __main__ - INFO - ✅ Saved 71177 records to bloodBath/bloodBank/raw/pump_881235/2021-04-01_to_2021-05-01.csv with v2.0 header
2025-10-13 20:30:21,650 - __main__ - INFO - Processing chunk 5/49: 2021-05-01 to 2021-05-31
2025-10-13 20:30:21,651 - __main__ - INFO - Fetching data for pump 881235: 2021-05-01 to 2021-05-31
2025-10-13 20:30:22,652 - tconnectsync.api.tandemsource - INFO - Logging in to TandemSourceApi (US region)...
2025-10-13 20:30:22,652 - tconnectsync.api.tandemsource - INFO - Loaded cached credentials from /home/bolt/.config/tconnectsync/.creds_cache: saved at 2025-10-14T03:02:57.387576+00:00 (27 min 25 sec ago), access token expiry 2025-10-14T03:32:57+00:00 (in 2 min 34 sec)
2025-10-13 20:30:22,652 - tconnectsync.api.tandemsource - INFO - Successfully used cached credentials
2025-10-13 20:30:23,110 - tconnectsync.api.tandemsource - INFO - Logging in to TandemSourceApi (US region)...
2025-10-13 20:30:23,111 - tconnectsync.api.tandemsource - INFO - Loaded cached credentials from /home/bolt/.config/tconnectsync/.creds_cache: saved at 2025-10-14T03:02:57.387576+00:00 (27 min 25 sec ago), access token expiry 2025-10-14T03:32:57+00:00 (in 2 min 33 sec)
2025-10-13 20:30:23,111 - tconnectsync.api.tandemsource - INFO - Successfully used cached credentials
2025-10-13 20:30:23,570 - tconnectsync.api.tandemsource - INFO - Read 8008 bytes (est. 308.0 events)
2025-10-13 20:30:23,626 - __main__ - INFO - Successfully fetched 71177 records for pump 881235
2025-10-13 20:30:24,505 - __main__ - INFO - ✅ Saved 71177 records to bloodBath/bloodBank/raw/pump_881235/2021-05-01_to_2021-05-31.csv with v2.0 header
2025-10-13 20:30:25,863 - __main__ - INFO - Processing chunk 6/49: 2021-05-31 to 2021-06-30
2025-10-13 20:30:25,864 - __main__ - INFO - Fetching data for pump 881235: 2021-05-31 to 2021-06-30
2025-10-13 20:30:26,865 - tconnectsync.api.tandemsource - INFO - Logging in to TandemSourceApi (US region)...
2025-10-13 20:30:26,866 - tconnectsync.api.tandemsource - INFO - Loaded cached credentials from /home/bolt/.config/tconnectsync/.creds_cache: saved at 2025-10-14T03:02:57.387576+00:00 (27 min 29 sec ago), access token expiry 2025-10-14T03:32:57+00:00 (in 2 min 30 sec)
2025-10-13 20:30:26,866 - tconnectsync.api.tandemsource - INFO - Successfully used cached credentials
2025-10-13 20:30:27,400 - tconnectsync.api.tandemsource - INFO - Logging in to TandemSourceApi (US region)...
2025-10-13 20:30:27,401 - tconnectsync.api.tandemsource - INFO - Loaded cached credentials from /home/bolt/.config/tconnectsync/.creds_cache: saved at 2025-10-14T03:02:57.387576+00:00 (27 min 30 sec ago), access token expiry 2025-10-14T03:32:57+00:00 (in 2 min 29 sec)
2025-10-13 20:30:27,401 - tconnectsync.api.tandemsource - INFO - Successfully used cached credentials
2025-10-13 20:30:28,243 - tconnectsync.api.tandemsource - INFO - Read 8008 bytes (est. 308.0 events)
2025-10-13 20:30:28,314 - __main__ - INFO - Successfully fetched 71177 records for pump 881235
2025-10-13 20:30:29,351 - __main__ - INFO - ✅ Saved 71177 records to bloodBath/bloodBank/raw/pump_881235/2021-05-31_to_2021-06-30.csv with v2.0 header
2025-10-13 20:30:30,895 - __main__ - INFO - Processing chunk 7/49: 2021-06-30 to 2021-07-30
2025-10-13 20:30:30,895 - __main__ - INFO - Fetching data for pump 881235: 2021-06-30 to 2021-07-30
2025-10-13 20:30:31,896 - tconnectsync.api.tandemsource - INFO - Logging in to TandemSourceApi (US region)...
2025-10-13 20:30:31,897 - tconnectsync.api.tandemsource - INFO - Loaded cached credentials from /home/bolt/.config/tconnectsync/.creds_cache: saved at 2025-10-14T03:02:57.387576+00:00 (27 min 34 sec ago), access token expiry 2025-10-14T03:32:57+00:00 (in 2 min 25 sec)
2025-10-13 20:30:31,897 - tconnectsync.api.tandemsource - INFO - Successfully used cached credentials
2025-10-13 20:30:32,789 - tconnectsync.api.tandemsource - INFO - Logging in to TandemSourceApi (US region)...
2025-10-13 20:30:32,790 - tconnectsync.api.tandemsource - INFO - Loaded cached credentials from /home/bolt/.config/tconnectsync/.creds_cache: saved at 2025-10-14T03:02:57.387576+00:00 (27 min 35 sec ago), access token expiry 2025-10-14T03:32:57+00:00 (in 2 min 24 sec)
2025-10-13 20:30:32,790 - tconnectsync.api.tandemsource - INFO - Successfully used cached credentials
2025-10-13 20:30:33,462 - tconnectsync.api.tandemsource - INFO - Read 8008 bytes (est. 308.0 events)
2025-10-13 20:30:33,591 - __main__ - INFO - Successfully fetched 71177 records for pump 881235
2025-10-13 20:30:34,653 - __main__ - INFO - ✅ Saved 71177 records to bloodBath/bloodBank/raw/pump_881235/2021-06-30_to_2021-07-30.csv with v2.0 header
2025-10-13 20:30:35,958 - __main__ - INFO - Processing chunk 8/49: 2021-07-30 to 2021-08-29
2025-10-13 20:30:35,958 - __main__ - INFO - Fetching data for pump 881235: 2021-07-30 to 2021-08-29
2025-10-13 20:30:36,960 - tconnectsync.api.tandemsource - INFO - Logging in to TandemSourceApi (US region)...
2025-10-13 20:30:36,960 - tconnectsync.api.tandemsource - INFO - Loaded cached credentials from /home/bolt/.config/tconnectsync/.creds_cache: saved at 2025-10-14T03:02:57.387576+00:00 (27 min 39 sec ago), access token expiry 2025-10-14T03:32:57+00:00 (in 2 min 20 sec)
2025-10-13 20:30:36,960 - tconnectsync.api.tandemsource - INFO - Successfully used cached credentials
2025-10-13 20:30:37,402 - tconnectsync.api.tandemsource - INFO - Logging in to TandemSourceApi (US region)...
2025-10-13 20:30:37,402 - tconnectsync.api.tandemsource - INFO - Loaded cached credentials from /home/bolt/.config/tconnectsync/.creds_cache: saved at 2025-10-14T03:02:57.387576+00:00 (27 min 40 sec ago), access token expiry 2025-10-14T03:32:57+00:00 (in 2 min 19 sec)
2025-10-13 20:30:37,402 - tconnectsync.api.tandemsource - INFO - Successfully used cached credentials
2025-10-13 20:30:37,859 - tconnectsync.api.tandemsource - INFO - Read 8008 bytes (est. 308.0 events)
2025-10-13 20:30:37,912 - __main__ - INFO - Successfully fetched 71177 records for pump 881235
2025-10-13 20:30:39,666 - __main__ - INFO - ✅ Saved 71177 records to bloodBath/bloodBank/raw/pump_881235/2021-07-30_to_2021-08-29.csv with v2.0 header
2025-10-13 20:30:40,899 - __main__ - INFO - Processing chunk 9/49: 2021-08-29 to 2021-09-28
2025-10-13 20:30:40,900 - __main__ - INFO - Fetching data for pump 881235: 2021-08-29 to 2021-09-28
2025-10-13 20:30:41,900 - tconnectsync.api.tandemsource - INFO - Logging in to TandemSourceApi (US region)...
2025-10-13 20:30:41,901 - tconnectsync.api.tandemsource - INFO - Loaded cached credentials from /home/bolt/.config/tconnectsync/.creds_cache: saved at 2025-10-14T03:02:57.387576+00:00 (27 min 44 sec ago), access token expiry 2025-10-14T03:32:57+00:00 (in 2 min 15 sec)
2025-10-13 20:30:41,901 - tconnectsync.api.tandemsource - INFO - Successfully used cached credentials
2025-10-13 20:30:49,884 - tconnectsync.api.tandemsource - INFO - Logging in to TandemSourceApi (US region)...
2025-10-13 20:30:49,884 - tconnectsync.api.tandemsource - INFO - Loaded cached credentials from /home/bolt/.config/tconnectsync/.creds_cache: saved at 2025-10-14T03:02:57.387576+00:00 (27 min 52 sec ago), access token expiry 2025-10-14T03:32:57+00:00 (in 2 min 7 sec)
2025-10-13 20:30:49,884 - tconnectsync.api.tandemsource - INFO - Successfully used cached credentials
2025-10-13 20:30:50,352 - tconnectsync.api.tandemsource - INFO - Read 8008 bytes (est. 308.0 events)
2025-10-13 20:30:50,400 - __main__ - INFO - Successfully fetched 71177 records for pump 881235
2025-10-13 20:30:51,248 - __main__ - INFO - ✅ Saved 71177 records to bloodBath/bloodBank/raw/pump_881235/2021-08-29_to_2021-09-28.csv with v2.0 header
2025-10-13 20:30:52,555 - __main__ - INFO - Processing chunk 10/49: 2021-09-28 to 2021-10-28
2025-10-13 20:30:52,556 - __main__ - INFO - Fetching data for pump 881235: 2021-09-28 to 2021-10-28
2025-10-13 20:30:53,557 - tconnectsync.api.tandemsource - INFO - Logging in to TandemSourceApi (US region)...
2025-10-13 20:30:53,557 - tconnectsync.api.tandemsource - INFO - Loaded cached credentials from /home/bolt/.config/tconnectsync/.creds_cache: saved at 2025-10-14T03:02:57.387576+00:00 (27 min 56 sec ago), access token expiry 2025-10-14T03:32:57+00:00 (in 2 min 3 sec)
2025-10-13 20:30:53,557 - tconnectsync.api.tandemsource - INFO - Successfully used cached credentials
2025-10-13 20:30:57,565 - tconnectsync.api.tandemsource - INFO - Logging in to TandemSourceApi (US region)...
2025-10-13 20:30:57,565 - tconnectsync.api.tandemsource - INFO - Loaded cached credentials from /home/bolt/.config/tconnectsync/.creds_cache: saved at 2025-10-14T03:02:57.387576+00:00 (28 min ago), access token expiry 2025-10-14T03:32:57+00:00 (in 1 min 59 sec)
2025-10-13 20:30:57,565 - tconnectsync.api.tandemsource - INFO - Successfully used cached credentials
2025-10-13 20:31:00,121 - tconnectsync.api.tandemsource - INFO - Read 482768 bytes (est. 18568.0 events)
2025-10-13 20:31:01,049 - __main__ - INFO - Successfully fetched 73025 records for pump 881235
2025-10-13 20:31:01,768 - __main__ - INFO - ✅ Saved 73025 records to bloodBath/bloodBank/raw/pump_881235/2021-09-28_to_2021-10-28.csv with v2.0 header
2025-10-13 20:31:02,977 - __main__ - INFO - Processing chunk 11/49: 2021-10-28 to 2021-11-27
2025-10-13 20:31:02,977 - __main__ - INFO - Fetching data for pump 881235: 2021-10-28 to 2021-11-27
2025-10-13 20:31:03,978 - tconnectsync.api.tandemsource - INFO - Logging in to TandemSourceApi (US region)...
2025-10-13 20:31:03,978 - tconnectsync.api.tandemsource - INFO - Loaded cached credentials from /home/bolt/.config/tconnectsync/.creds_cache: saved at 2025-10-14T03:02:57.387576+00:00 (28 min 6 sec ago), access token expiry 2025-10-14T03:32:57+00:00 (in 1 min 53 sec)
2025-10-13 20:31:03,979 - tconnectsync.api.tandemsource - INFO - Successfully used cached credentials
2025-10-13 20:31:27,319 - tconnectsync.api.tandemsource - INFO - Logging in to TandemSourceApi (US region)...
2025-10-13 20:31:27,320 - tconnectsync.api.tandemsource - INFO - Loaded cached credentials from /home/bolt/.config/tconnectsync/.creds_cache: saved at 2025-10-14T03:02:57.387576+00:00 (28 min 29 sec ago), access token expiry 2025-10-14T03:32:57+00:00 (in 1 min 29 sec)
2025-10-13 20:31:27,320 - tconnectsync.api.tandemsource - INFO - Successfully used cached credentials
2025-10-13 20:31:48,622 - tconnectsync.api.tandemsource - INFO - Read 2183974 bytes (est. 83999.0 events)
2025-10-13 20:31:53,199 - __main__ - INFO - Successfully fetched 8947 records for pump 881235
2025-10-13 20:31:53,335 - __main__ - INFO - ✅ Saved 8947 records to bloodBath/bloodBank/raw/pump_881235/2021-10-28_to_2021-11-27.csv with v2.0 header
2025-10-13 20:31:53,960 - __main__ - INFO - Processing chunk 12/49: 2021-11-27 to 2021-12-27
2025-10-13 20:31:53,960 - __main__ - INFO - Fetching data for pump 881235: 2021-11-27 to 2021-12-27
2025-10-13 20:31:54,961 - tconnectsync.api.tandemsource - INFO - Logging in to TandemSourceApi (US region)...
2025-10-13 20:31:54,961 - tconnectsync.api.tandemsource - INFO - Loaded cached credentials from /home/bolt/.config/tconnectsync/.creds_cache: saved at 2025-10-14T03:02:57.387576+00:00 (28 min 57 sec ago), access token expiry 2025-10-14T03:32:57+00:00 (in 1 min 2 sec)
2025-10-13 20:31:54,962 - tconnectsync.api.tandemsource - INFO - Successfully used cached credentials
2025-10-13 20:32:36,429 - tconnectsync.api.tandemsource - INFO - Logging in to TandemSourceApi (US region)...
2025-10-13 20:32:36,430 - tconnectsync.api.tandemsource - INFO - Loaded cached credentials from /home/bolt/.config/tconnectsync/.creds_cache: saved at 2025-10-14T03:02:57.387576+00:00 (29 min 39 sec ago), access token expiry 2025-10-14T03:32:57+00:00 (in 20 sec)
2025-10-13 20:32:36,430 - tconnectsync.api.tandemsource - INFO - Successfully used cached credentials
2025-10-13 20:33:14,255 - tconnectsync.api.tandemsource - INFO - Read 2098642 bytes (est. 80717.0 events)
2025-10-13 20:33:18,832 - __main__ - INFO - Successfully fetched 8938 records for pump 881235
2025-10-13 20:33:18,952 - __main__ - INFO - ✅ Saved 8938 records to bloodBath/bloodBank/raw/pump_881235/2021-11-27_to_2021-12-27.csv with v2.0 header
2025-10-13 20:33:19,560 - __main__ - INFO - Processing chunk 13/49: 2021-12-27 to 2022-01-26
2025-10-13 20:33:19,560 - __main__ - INFO - Fetching data for pump 881235: 2021-12-27 to 2022-01-26
2025-10-13 20:34:38,806 - tconnectsync.api.tandemsource - INFO - Read 2122744 bytes (est. 81644.0 events)
2025-10-13 20:34:43,474 - __main__ - INFO - Successfully fetched 8937 records for pump 881235
2025-10-13 20:34:43,606 - __main__ - INFO - ✅ Saved 8937 records to bloodBath/bloodBank/raw/pump_881235/2021-12-27_to_2022-01-26.csv with v2.0 header
2025-10-13 20:34:44,214 - __main__ - INFO - Processing chunk 14/49: 2022-01-26 to 2022-02-25
2025-10-13 20:34:44,214 - __main__ - INFO - Fetching data for pump 881235: 2022-01-26 to 2022-02-25
2025-10-13 20:35:08,762 - tconnectsync.api.tandemsource - INFO - Read 2261506 bytes (est. 86981.0 events)
2025-10-13 20:35:13,615 - __main__ - INFO - Successfully fetched 8946 records for pump 881235
2025-10-13 20:35:13,728 - __main__ - INFO - ✅ Saved 8946 records to bloodBath/bloodBank/raw/pump_881235/2022-01-26_to_2022-02-25.csv with v2.0 header
2025-10-13 20:35:14,326 - __main__ - INFO - Processing chunk 15/49: 2022-02-25 to 2022-03-27
2025-10-13 20:35:14,326 - __main__ - INFO - Fetching data for pump 881235: 2022-02-25 to 2022-03-27
2025-10-13 20:36:40,341 - tconnectsync.api.tandemsource - INFO - Read 2432690 bytes (est. 93565.0 events)
2025-10-13 20:36:46,269 - __main__ - INFO - Successfully fetched 8929 records for pump 881235
2025-10-13 20:36:46,384 - __main__ - INFO - ✅ Saved 8929 records to bloodBath/bloodBank/raw/pump_881235/2022-02-25_to_2022-03-27.csv with v2.0 header
2025-10-13 20:36:46,981 - __main__ - INFO - Processing chunk 16/49: 2022-03-27 to 2022-04-26
2025-10-13 20:36:46,982 - __main__ - INFO - Fetching data for pump 881235: 2022-03-27 to 2022-04-26
2025-10-13 20:38:01,340 - tconnectsync.api.tandemsource - INFO - Read 2097862 bytes (est. 80687.0 events)
2025-10-13 20:38:06,294 - __main__ - INFO - Successfully fetched 8940 records for pump 881235
2025-10-13 20:38:06,422 - __main__ - INFO - ✅ Saved 8940 records to bloodBath/bloodBank/raw/pump_881235/2022-03-27_to_2022-04-26.csv with v2.0 header
2025-10-13 20:38:07,030 - __main__ - INFO - Processing chunk 17/49: 2022-04-26 to 2022-05-26
2025-10-13 20:38:07,030 - __main__ - INFO - Fetching data for pump 881235: 2022-04-26 to 2022-05-26
2025-10-13 20:38:08,184 - tconnectsync.api.tandemsource - WARNING - Received ApiException in TandemSourceApi with endpoint 'api/reports/reportsfacade/pumpevents/2d4c7be1-72ef-49e3-a4ed-1fa9cfd14abe/437688?minDate=2022-04-26&maxDate=2022-05-26&eventIds=229%2C5%2C28%2C4%2C26%2C99%2C279%2C3%2C16%2C59%2C21%2C55%2C20%2C280%2C64%2C65%2C66%2C61%2C33%2C371%2C171%2C369%2C460%2C172%2C370%2C461%2C372%2C399%2C256%2C213%2C406%2C394%2C212%2C404%2C214%2C405%2C447%2C313%2C60%2C14%2C6%2C90%2C230%2C140%2C12%2C11%2C53%2C13%2C63%2C203%2C307%2C191' (tries 0): TandemSourceApi HTTP 401 response:  (HTTP 401)
2025-10-13 20:38:08,185 - tconnectsync.api.tandemsource - INFO - Performing automatic re-login after HTTP 401 for TandemSourceApi
2025-10-13 20:38:08,185 - tconnectsync.api.tandemsource - INFO - Logging in to TandemSourceApi (US region)...
2025-10-13 20:38:08,185 - tconnectsync.api.tandemsource - INFO - Loaded cached credentials from /home/bolt/.config/tconnectsync/.creds_cache: saved at 2025-10-14T03:33:55.211316+00:00 (4 min 12 sec ago), access token expiry 2025-10-14T04:03:55+00:00 (in 25 min 46 sec)
2025-10-13 20:38:08,185 - tconnectsync.api.tandemsource - INFO - Successfully used cached credentials
2025-10-13 20:39:11,031 - tconnectsync.api.tandemsource - WARNING - Received ApiException in TandemSourceApi with endpoint 'api/reports/reportsfacade/pumpevents/2d4c7be1-72ef-49e3-a4ed-1fa9cfd14abe/437688?minDate=2022-04-26&maxDate=2022-05-26' (tries 0): TandemSourceApi HTTP 500 response: {"message":"An unexpected error occured"} (HTTP 500)
2025-10-13 20:39:54,973 - tconnectsync.api.tandemsource - INFO - Read 2187562 bytes (est. 84137.0 events)
2025-10-13 20:39:59,711 - __main__ - INFO - Successfully fetched 8939 records for pump 881235
2025-10-13 20:39:59,842 - __main__ - INFO - ✅ Saved 8939 records to bloodBath/bloodBank/raw/pump_881235/2022-04-26_to_2022-05-26.csv with v2.0 header
2025-10-13 20:40:00,475 - __main__ - INFO - Processing chunk 18/49: 2022-05-26 to 2022-06-25
2025-10-13 20:40:00,475 - __main__ - INFO - Fetching data for pump 881235: 2022-05-26 to 2022-06-25
2025-10-13 20:41:06,218 - tconnectsync.api.tandemsource - INFO - Read 2167048 bytes (est. 83348.0 events)
2025-10-13 20:41:11,724 - __main__ - INFO - Successfully fetched 8949 records for pump 881235
2025-10-13 20:41:11,833 - __main__ - INFO - ✅ Saved 8949 records to bloodBath/bloodBank/raw/pump_881235/2022-05-26_to_2022-06-25.csv with v2.0 header
2025-10-13 20:41:12,429 - __main__ - INFO - Processing chunk 19/49: 2022-06-25 to 2022-07-25
2025-10-13 20:41:12,430 - __main__ - INFO - Fetching data for pump 881235: 2022-06-25 to 2022-07-25
2025-10-13 20:41:36,772 - tconnectsync.api.tandemsource - INFO - Read 2109120 bytes (est. 81120.0 events)
2025-10-13 20:41:41,223 - __main__ - INFO - Successfully fetched 8944 records for pump 881235
2025-10-13 20:41:41,332 - __main__ - INFO - ✅ Saved 8944 records to bloodBath/bloodBank/raw/pump_881235/2022-06-25_to_2022-07-25.csv with v2.0 header
2025-10-13 20:41:41,929 - __main__ - INFO - Processing chunk 20/49: 2022-07-25 to 2022-08-24
2025-10-13 20:41:41,929 - __main__ - INFO - Fetching data for pump 881235: 2022-07-25 to 2022-08-24
2025-10-13 20:42:56,749 - tconnectsync.api.tandemsource - INFO - Read 2195570 bytes (est. 84445.0 events)
2025-10-13 20:43:01,270 - __main__ - INFO - Successfully fetched 8944 records for pump 881235
2025-10-13 20:43:01,377 - __main__ - INFO - ✅ Saved 8944 records to bloodBath/bloodBank/raw/pump_881235/2022-07-25_to_2022-08-24.csv with v2.0 header
2025-10-13 20:43:01,974 - __main__ - INFO - Processing chunk 21/49: 2022-08-24 to 2022-09-23
2025-10-13 20:43:01,974 - __main__ - INFO - Fetching data for pump 881235: 2022-08-24 to 2022-09-23
2025-10-13 20:44:05,103 - tconnectsync.api.tandemsource - INFO - Read 1834326 bytes (est. 70551.0 events)
2025-10-13 20:44:08,893 - __main__ - INFO - Successfully fetched 8944 records for pump 881235
2025-10-13 20:44:08,999 - __main__ - INFO - ✅ Saved 8944 records to bloodBath/bloodBank/raw/pump_881235/2022-08-24_to_2022-09-23.csv with v2.0 header
2025-10-13 20:44:09,598 - __main__ - INFO - Processing chunk 22/49: 2022-09-23 to 2022-10-23
2025-10-13 20:44:09,598 - __main__ - INFO - Fetching data for pump 881235: 2022-09-23 to 2022-10-23
2025-10-13 20:45:11,433 - tconnectsync.api.tandemsource - WARNING - Received ApiException in TandemSourceApi with endpoint 'api/reports/reportsfacade/pumpevents/2d4c7be1-72ef-49e3-a4ed-1fa9cfd14abe/437688?minDate=2022-09-23&maxDate=2022-10-23&eventIds=229%2C5%2C28%2C4%2C26%2C99%2C279%2C3%2C16%2C59%2C21%2C55%2C20%2C280%2C64%2C65%2C66%2C61%2C33%2C371%2C171%2C369%2C460%2C172%2C370%2C461%2C372%2C399%2C256%2C213%2C406%2C394%2C212%2C404%2C214%2C405%2C447%2C313%2C60%2C14%2C6%2C90%2C230%2C140%2C12%2C11%2C53%2C13%2C63%2C203%2C307%2C191' (tries 0): TandemSourceApi HTTP 500 response: {"message":"An unexpected error occured"} (HTTP 500)
2025-10-13 20:45:32,422 - tconnectsync.api.tandemsource - INFO - Read 2065336 bytes (est. 79436.0 events)
2025-10-13 20:45:38,304 - __main__ - INFO - Successfully fetched 8941 records for pump 881235
2025-10-13 20:45:38,414 - __main__ - INFO - ✅ Saved 8941 records to bloodBath/bloodBank/raw/pump_881235/2022-09-23_to_2022-10-23.csv with v2.0 header
2025-10-13 20:45:39,014 - __main__ - INFO - Processing chunk 23/49: 2022-10-23 to 2022-11-22
2025-10-13 20:45:39,014 - __main__ - INFO - Fetching data for pump 881235: 2022-10-23 to 2022-11-22
2025-10-13 20:46:44,117 - tconnectsync.api.tandemsource - INFO - Read 2028364 bytes (est. 78014.0 events)
2025-10-13 20:46:48,241 - __main__ - INFO - Successfully fetched 8955 records for pump 881235
2025-10-13 20:46:48,359 - __main__ - INFO - ✅ Saved 8955 records to bloodBath/bloodBank/raw/pump_881235/2022-10-23_to_2022-11-22.csv with v2.0 header
2025-10-13 20:46:48,960 - __main__ - INFO - Processing chunk 24/49: 2022-11-22 to 2022-12-22
2025-10-13 20:46:48,960 - __main__ - INFO - Fetching data for pump 881235: 2022-11-22 to 2022-12-22
2025-10-13 20:46:59,522 - tconnectsync.api.tandemsource - INFO - Read 1966172 bytes (est. 75622.0 events)
2025-10-13 20:47:03,235 - __main__ - INFO - Successfully fetched 8937 records for pump 881235
2025-10-13 20:47:03,350 - __main__ - INFO - ✅ Saved 8937 records to bloodBath/bloodBank/raw/pump_881235/2022-11-22_to_2022-12-22.csv with v2.0 header
2025-10-13 20:47:03,945 - __main__ - INFO - Processing chunk 25/49: 2022-12-22 to 2023-01-21
2025-10-13 20:47:03,945 - __main__ - INFO - Fetching data for pump 881235: 2022-12-22 to 2023-01-21
2025-10-13 20:47:11,512 - tconnectsync.api.tandemsource - INFO - Read 2002468 bytes (est. 77018.0 events)
2025-10-13 20:47:15,306 - __main__ - INFO - Successfully fetched 8940 records for pump 881235
2025-10-13 20:47:15,419 - __main__ - INFO - ✅ Saved 8940 records to bloodBath/bloodBank/raw/pump_881235/2022-12-22_to_2023-01-21.csv with v2.0 header
2025-10-13 20:47:16,020 - __main__ - INFO - Processing chunk 26/49: 2023-01-21 to 2023-02-20
2025-10-13 20:47:16,020 - __main__ - INFO - Fetching data for pump 881235: 2023-01-21 to 2023-02-20
2025-10-13 20:47:27,677 - tconnectsync.api.tandemsource - INFO - Read 2026778 bytes (est. 77953.0 events)
2025-10-13 20:47:31,629 - __main__ - INFO - Successfully fetched 8974 records for pump 881235
2025-10-13 20:47:31,740 - __main__ - INFO - ✅ Saved 8974 records to bloodBath/bloodBank/raw/pump_881235/2023-01-21_to_2023-02-20.csv with v2.0 header
2025-10-13 20:47:32,340 - __main__ - INFO - Processing chunk 27/49: 2023-02-20 to 2023-03-22
2025-10-13 20:47:32,340 - __main__ - INFO - Fetching data for pump 881235: 2023-02-20 to 2023-03-22
2025-10-13 20:47:40,814 - tconnectsync.api.tandemsource - INFO - Read 2046850 bytes (est. 78725.0 events)
2025-10-13 20:47:44,861 - __main__ - INFO - Successfully fetched 8938 records for pump 881235
2025-10-13 20:47:44,990 - __main__ - INFO - ✅ Saved 8938 records to bloodBath/bloodBank/raw/pump_881235/2023-02-20_to_2023-03-22.csv with v2.0 header
2025-10-13 20:47:45,604 - __main__ - INFO - Processing chunk 28/49: 2023-03-22 to 2023-04-21
2025-10-13 20:47:45,604 - __main__ - INFO - Fetching data for pump 881235: 2023-03-22 to 2023-04-21
2025-10-13 20:47:54,141 - tconnectsync.api.tandemsource - INFO - Read 1964248 bytes (est. 75548.0 events)
2025-10-13 20:47:58,269 - __main__ - INFO - Successfully fetched 8936 records for pump 881235
2025-10-13 20:47:58,389 - __main__ - INFO - ✅ Saved 8936 records to bloodBath/bloodBank/raw/pump_881235/2023-03-22_to_2023-04-21.csv with v2.0 header
2025-10-13 20:47:59,025 - __main__ - INFO - Processing chunk 29/49: 2023-04-21 to 2023-05-21
2025-10-13 20:47:59,025 - __main__ - INFO - Fetching data for pump 881235: 2023-04-21 to 2023-05-21
2025-10-13 20:48:09,876 - tconnectsync.api.tandemsource - INFO - Read 2208206 bytes (est. 84931.0 events)
2025-10-13 20:48:16,112 - __main__ - INFO - Successfully fetched 8952 records for pump 881235
2025-10-13 20:48:16,230 - __main__ - INFO - ✅ Saved 8952 records to bloodBath/bloodBank/raw/pump_881235/2023-04-21_to_2023-05-21.csv with v2.0 header
2025-10-13 20:48:16,838 - __main__ - INFO - Processing chunk 30/49: 2023-05-21 to 2023-06-20
2025-10-13 20:48:16,838 - __main__ - INFO - Fetching data for pump 881235: 2023-05-21 to 2023-06-20
2025-10-13 20:48:27,409 - tconnectsync.api.tandemsource - INFO - Read 2629198 bytes (est. 101123.0 events)
2025-10-13 20:48:32,695 - __main__ - INFO - Successfully fetched 8949 records for pump 881235
2025-10-13 20:48:32,832 - __main__ - INFO - ✅ Saved 8949 records to bloodBath/bloodBank/raw/pump_881235/2023-05-21_to_2023-06-20.csv with v2.0 header
2025-10-13 20:48:33,472 - __main__ - INFO - Processing chunk 31/49: 2023-06-20 to 2023-07-20
2025-10-13 20:48:33,472 - __main__ - INFO - Fetching data for pump 881235: 2023-06-20 to 2023-07-20
2025-10-13 20:48:48,615 - tconnectsync.api.tandemsource - INFO - Read 2326688 bytes (est. 89488.0 events)
2025-10-13 20:48:52,656 - __main__ - INFO - Successfully fetched 8951 records for pump 881235
2025-10-13 20:48:52,773 - __main__ - INFO - ✅ Saved 8951 records to bloodBath/bloodBank/raw/pump_881235/2023-06-20_to_2023-07-20.csv with v2.0 header
2025-10-13 20:48:53,474 - __main__ - INFO - Processing chunk 32/49: 2023-07-20 to 2023-08-19
2025-10-13 20:48:53,474 - __main__ - INFO - Fetching data for pump 881235: 2023-07-20 to 2023-08-19
2025-10-13 20:49:03,294 - tconnectsync.api.tandemsource - INFO - Read 2761174 bytes (est. 106199.0 events)
2025-10-13 20:49:08,481 - __main__ - INFO - Successfully fetched 8934 records for pump 881235
2025-10-13 20:49:08,593 - __main__ - INFO - ✅ Saved 8934 records to bloodBath/bloodBank/raw/pump_881235/2023-07-20_to_2023-08-19.csv with v2.0 header
2025-10-13 20:49:09,190 - __main__ - INFO - Processing chunk 33/49: 2023-08-19 to 2023-09-18
2025-10-13 20:49:09,191 - __main__ - INFO - Fetching data for pump 881235: 2023-08-19 to 2023-09-18
2025-10-13 20:49:18,191 - tconnectsync.api.tandemsource - INFO - Read 2443376 bytes (est. 93976.0 events)
2025-10-13 20:49:22,465 - __main__ - INFO - Successfully fetched 9328 records for pump 881235
2025-10-13 20:49:22,579 - __main__ - INFO - ✅ Saved 9328 records to bloodBath/bloodBank/raw/pump_881235/2023-08-19_to_2023-09-18.csv with v2.0 header
2025-10-13 20:49:23,183 - __main__ - INFO - Processing chunk 34/49: 2023-09-18 to 2023-10-18
2025-10-13 20:49:23,183 - __main__ - INFO - Fetching data for pump 881235: 2023-09-18 to 2023-10-18
2025-10-13 20:49:32,929 - tconnectsync.api.tandemsource - INFO - Read 2376842 bytes (est. 91417.0 events)
2025-10-13 20:49:36,885 - __main__ - INFO - Successfully fetched 8944 records for pump 881235
2025-10-13 20:49:36,996 - __main__ - INFO - ✅ Saved 8944 records to bloodBath/bloodBank/raw/pump_881235/2023-09-18_to_2023-10-18.csv with v2.0 header
2025-10-13 20:49:37,594 - __main__ - INFO - Processing chunk 35/49: 2023-10-18 to 2023-11-17
2025-10-13 20:49:37,594 - __main__ - INFO - Fetching data for pump 881235: 2023-10-18 to 2023-11-17
2025-10-13 20:49:46,022 - tconnectsync.api.tandemsource - INFO - Read 2335320 bytes (est. 89820.0 events)
2025-10-13 20:49:49,968 - __main__ - INFO - Successfully fetched 8953 records for pump 881235
2025-10-13 20:49:50,076 - __main__ - INFO - ✅ Saved 8953 records to bloodBath/bloodBank/raw/pump_881235/2023-10-18_to_2023-11-17.csv with v2.0 header
2025-10-13 20:49:50,675 - __main__ - INFO - Processing chunk 36/49: 2023-11-17 to 2023-12-17
2025-10-13 20:49:50,675 - __main__ - INFO - Fetching data for pump 881235: 2023-11-17 to 2023-12-17
2025-10-13 20:49:58,809 - tconnectsync.api.tandemsource - INFO - Read 2371668 bytes (est. 91218.0 events)
2025-10-13 20:50:02,847 - __main__ - INFO - Successfully fetched 8940 records for pump 881235
2025-10-13 20:50:04,063 - __main__ - INFO - ✅ Saved 8940 records to bloodBath/bloodBank/raw/pump_881235/2023-11-17_to_2023-12-17.csv with v2.0 header
2025-10-13 20:50:04,668 - __main__ - INFO - Processing chunk 37/49: 2023-12-17 to 2024-01-16
2025-10-13 20:50:04,668 - __main__ - INFO - Fetching data for pump 881235: 2023-12-17 to 2024-01-16
2025-10-13 20:50:12,978 - tconnectsync.api.tandemsource - INFO - Read 2325440 bytes (est. 89440.0 events)
2025-10-13 20:50:17,089 - __main__ - INFO - Successfully fetched 8948 records for pump 881235
2025-10-13 20:50:17,199 - __main__ - INFO - ✅ Saved 8948 records to bloodBath/bloodBank/raw/pump_881235/2023-12-17_to_2024-01-16.csv with v2.0 header
2025-10-13 20:50:17,797 - __main__ - INFO - Processing chunk 38/49: 2024-01-16 to 2024-02-15
2025-10-13 20:50:17,797 - __main__ - INFO - Fetching data for pump 881235: 2024-01-16 to 2024-02-15
2025-10-13 20:50:27,998 - tconnectsync.api.tandemsource - INFO - Read 2384902 bytes (est. 91727.0 events)
2025-10-13 20:50:31,918 - __main__ - INFO - Successfully fetched 8938 records for pump 881235
2025-10-13 20:50:32,027 - __main__ - INFO - ✅ Saved 8938 records to bloodBath/bloodBank/raw/pump_881235/2024-01-16_to_2024-02-15.csv with v2.0 header
2025-10-13 20:50:32,624 - __main__ - INFO - Processing chunk 39/49: 2024-02-15 to 2024-03-16
2025-10-13 20:50:32,624 - __main__ - INFO - Fetching data for pump 881235: 2024-02-15 to 2024-03-16
2025-10-13 20:50:42,079 - tconnectsync.api.tandemsource - INFO - Read 2451826 bytes (est. 94301.0 events)
2025-10-13 20:50:45,904 - __main__ - INFO - Successfully fetched 8930 records for pump 881235
2025-10-13 20:50:46,011 - __main__ - INFO - ✅ Saved 8930 records to bloodBath/bloodBank/raw/pump_881235/2024-02-15_to_2024-03-16.csv with v2.0 header
2025-10-13 20:50:46,608 - __main__ - INFO - Processing chunk 40/49: 2024-03-16 to 2024-04-15
2025-10-13 20:50:46,608 - __main__ - INFO - Fetching data for pump 881235: 2024-03-16 to 2024-04-15
2025-10-13 20:50:56,451 - tconnectsync.api.tandemsource - INFO - Read 3436108 bytes (est. 132158.0 events)
2025-10-13 20:51:02,173 - __main__ - INFO - Successfully fetched 8945 records for pump 881235
2025-10-13 20:51:02,288 - __main__ - INFO - ✅ Saved 8945 records to bloodBath/bloodBank/raw/pump_881235/2024-03-16_to_2024-04-15.csv with v2.0 header
2025-10-13 20:51:02,885 - __main__ - INFO - Processing chunk 41/49: 2024-04-15 to 2024-05-15
2025-10-13 20:51:02,885 - __main__ - INFO - Fetching data for pump 881235: 2024-04-15 to 2024-05-15
2025-10-13 20:51:13,862 - tconnectsync.api.tandemsource - INFO - Read 2715518 bytes (est. 104443.0 events)
2025-10-13 20:51:17,822 - __main__ - INFO - Successfully fetched 8937 records for pump 881235
2025-10-13 20:51:17,932 - __main__ - INFO - ✅ Saved 8937 records to bloodBath/bloodBank/raw/pump_881235/2024-04-15_to_2024-05-15.csv with v2.0 header
2025-10-13 20:51:18,527 - __main__ - INFO - Processing chunk 42/49: 2024-05-15 to 2024-06-14
2025-10-13 20:51:18,528 - __main__ - INFO - Fetching data for pump 881235: 2024-05-15 to 2024-06-14
2025-10-13 20:51:28,775 - tconnectsync.api.tandemsource - INFO - Read 3023696 bytes (est. 116296.0 events)
2025-10-13 20:51:32,872 - __main__ - INFO - Successfully fetched 8938 records for pump 881235
2025-10-13 20:51:32,981 - __main__ - INFO - ✅ Saved 8938 records to bloodBath/bloodBank/raw/pump_881235/2024-05-15_to_2024-06-14.csv with v2.0 header
2025-10-13 20:51:33,577 - __main__ - INFO - Processing chunk 43/49: 2024-06-14 to 2024-07-14
2025-10-13 20:51:33,577 - __main__ - INFO - Fetching data for pump 881235: 2024-06-14 to 2024-07-14
2025-10-13 20:51:44,734 - tconnectsync.api.tandemsource - INFO - Read 2963818 bytes (est. 113993.0 events)
2025-10-13 20:51:48,713 - __main__ - INFO - Successfully fetched 8936 records for pump 881235
2025-10-13 20:51:48,823 - __main__ - INFO - ✅ Saved 8936 records to bloodBath/bloodBank/raw/pump_881235/2024-06-14_to_2024-07-14.csv with v2.0 header
2025-10-13 20:51:49,420 - __main__ - INFO - Processing chunk 44/49: 2024-07-14 to 2024-08-13
2025-10-13 20:51:49,420 - __main__ - INFO - Fetching data for pump 881235: 2024-07-14 to 2024-08-13
2025-10-13 20:52:00,458 - tconnectsync.api.tandemsource - INFO - Read 2978794 bytes (est. 114569.0 events)
2025-10-13 20:52:04,458 - __main__ - INFO - Successfully fetched 8940 records for pump 881235
2025-10-13 20:52:04,618 - __main__ - INFO - ✅ Saved 8940 records to bloodBath/bloodBank/raw/pump_881235/2024-07-14_to_2024-08-13.csv with v2.0 header
2025-10-13 20:52:05,226 - __main__ - INFO - Processing chunk 45/49: 2024-08-13 to 2024-09-12
2025-10-13 20:52:05,227 - __main__ - INFO - Fetching data for pump 881235: 2024-08-13 to 2024-09-12
2025-10-13 20:52:14,728 - tconnectsync.api.tandemsource - INFO - Read 2869256 bytes (est. 110356.0 events)
2025-10-13 20:52:19,943 - __main__ - INFO - Successfully fetched 8947 records for pump 881235
2025-10-13 20:52:20,052 - __main__ - INFO - ✅ Saved 8947 records to bloodBath/bloodBank/raw/pump_881235/2024-08-13_to_2024-09-12.csv with v2.0 header
2025-10-13 20:52:20,647 - __main__ - INFO - Processing chunk 46/49: 2024-09-12 to 2024-10-12
2025-10-13 20:52:20,647 - __main__ - INFO - Fetching data for pump 881235: 2024-09-12 to 2024-10-12
2025-10-13 20:52:28,543 - tconnectsync.api.tandemsource - INFO - Read 2315560 bytes (est. 89060.0 events)
2025-10-13 20:52:31,702 - __main__ - INFO - Successfully fetched 7111 records for pump 881235
2025-10-13 20:52:31,790 - __main__ - INFO - ✅ Saved 7111 records to bloodBath/bloodBank/raw/pump_881235/2024-09-12_to_2024-10-12.csv with v2.0 header
2025-10-13 20:52:32,367 - __main__ - INFO - Processing chunk 47/49: 2024-10-12 to 2024-11-11
2025-10-13 20:52:32,367 - __main__ - INFO - Fetching data for pump 881235: 2024-10-12 to 2024-11-11
2025-10-13 20:52:33,822 - __main__ - WARNING - No raw events returned for pump 881235 (2024-10-12 to 2024-11-11)
2025-10-13 20:52:34,323 - __main__ - INFO - Processing chunk 48/49: 2024-11-11 to 2024-12-11
2025-10-13 20:52:34,324 - __main__ - INFO - Fetching data for pump 881235: 2024-11-11 to 2024-12-11
2025-10-13 20:52:35,793 - __main__ - WARNING - No raw events returned for pump 881235 (2024-11-11 to 2024-12-11)
2025-10-13 20:52:36,294 - __main__ - INFO - Processing chunk 49/49: 2024-12-11 to 2024-12-31
2025-10-13 20:52:36,294 - __main__ - INFO - Fetching data for pump 881235: 2024-12-11 to 2024-12-31
2025-10-13 20:52:37,975 - __main__ - WARNING - No raw events returned for pump 881235 (2024-12-11 to 2024-12-31)
2025-10-13 20:52:38,476 - __main__ - INFO - Sync completed for pump 881235
2025-10-13 20:52:38,476 - __main__ - INFO - Total records processed: 976596
2025-10-13 20:52:38,476 - __main__ - INFO - Merging pump CSVs into combined format...
2025-10-13 20:52:38,813 - __main__ - INFO - Loaded 490000 records from bloodBath/bloodBank/raw/data/lstm_ready/lstm_ready_combined.csv
2025-10-13 20:52:41,415 - __main__ - INFO - Loaded 1722106 records from bloodBath/bloodBank/raw/data/lstm_ready/lstm_ready_881235.csv
2025-10-13 20:52:44,967 - __main__ - INFO - Loaded 2403426 records from bloodBath/bloodBank/raw/data/lstm_ready/lstm_ready_901161470.csv
2025-10-13 20:53:38,237 - __main__ - INFO - Merged 4615532 records from 3 pumps to bloodBath/bloodBank/raw/data/lstm_ready/lstm_ready_combined.csv
2025-10-13 20:53:38,659 - __main__ - INFO - Combined data summary:
                            timestamp  ... bolus_dose
                                  min  ...        sum
pump_serial                            ...           
881235      2021-01-01 08:00:00+00:00  ...        0.0
901161470   2024-01-01 08:00:00+00:00  ...        0.0
combined    2021-01-01 08:00:00+00:00  ...        0.0

[3 rows x 8 columns]

Sync completed: 1/1 pumps successful
  Pump 881235: ✅ SUCCESS
